S, g=0.05: [0.9        0.8948636  0.8348258  0.48658172 0.19823845 0.11511763
 0.11603746 0.15164106 0.21793887 0.26957684 0.27822039 0.25628478
 0.24884457 0.25352383 0.25398981]
I, g=0.05: [0.1        0.10367835 0.1461956  0.36165138 0.42415132 0.32249348
 0.2187527  0.14390709 0.09918274 0.09439784 0.11118943 0.12325396
 0.11824078 0.1141047  0.11394619]
R, g=0.05: [0.         0.00142942 0.01860116 0.14862622 0.36942661 0.54942075
 0.64861043 0.68483144 0.66015525 0.61042596 0.58136271 0.58642161
 0.59340853 0.58745342 0.58650555]
D, g=0.05: [0.00000000e+00 2.86284514e-05 3.77437007e-04 3.14067709e-03
 8.18362603e-03 1.29681371e-02 1.65994075e-02 1.96204033e-02
 2.27231405e-02 2.55993671e-02 2.92274653e-02 3.40396577e-02
 3.95061157e-02 4.49180533e-02 4.55584490e-02]
S, g=0.1: [0.9        0.89486559 0.83508326 0.49000469 0.21476129 0.14714898
 0.16085741 0.203588   0.24918816 0.26417299 0.25773387 0.25254585
 0.25312493 0.25363603 0.25363693]
I, g=0.1: [0.1        0.10367835 0.14620323 0.36468495 0.43757584 0.35501714
 0.27238366 0.21332209 0.18905236 0.19332727 0.20113131 0.20018698
 0.1964597  0.19377139 0.19219899]
R, g=0.1: [0.         0.00142743 0.01833607 0.14214033 0.3393809  0.48455045
 0.54950703 0.56184462 0.53596828 0.51185343 0.50462327 0.50371367
 0.49857435 0.49164505 0.48739873]
D, g=0.1: [0.00000000e+00 2.86284517e-05 3.77442446e-04 3.17002739e-03
 8.28197356e-03 1.32834355e-02 1.72519023e-02 2.12452907e-02
 2.57912078e-02 3.06463160e-02 3.65115537e-02 4.35535033e-02
 5.18410073e-02 6.09475243e-02 6.67653473e-02]
S, g=0.15: [0.9        0.89486757 0.83533563 0.49450079 0.22931085 0.17085457
 0.18806822 0.22659453 0.25389354 0.25817495 0.25412877 0.25275314
 0.25301653 0.25310311 0.25317336]
I, g=0.15: [0.1        0.10367836 0.14621074 0.36687483 0.45001807 0.38423031
 0.31792328 0.27212964 0.2585394  0.26147645 0.26302977 0.25958423
 0.25541389 0.25051651 0.24718995]
R, g=0.15: [0.         0.00142544 0.01807618 0.13544133 0.31232368 0.4313857
 0.47623092 0.47868685 0.45957248 0.44640284 0.44172864 0.43740458
 0.43113047 0.4229649  0.41719054]
D, g=0.15: [0.00000000e+00 2.86284520e-05 3.77447818e-04 3.18305380e-03
 8.34739605e-03 1.35294193e-02 1.77775757e-02 2.25889824e-02
 2.79945827e-02 3.39457465e-02 4.11128241e-02 5.02580559e-02
 6.04391099e-02 7.34154780e-02 8.24461517e-02]
