[[   0 9995    5    0]
 [   1 9989   10    1]
 [   2 9974   25    1]
 [   3 9951   46    3]
 [   4 9933   61    6]
 [   5 9902   88   10]
 [   6 9860  125   15]
 [   7 9811  167   22]
 [   8 9751  219   30]
 [   9 9698  262   40]
 [  10 9651  296   53]
 [  11 9584  348   68]
 [  12 9512  402   86]
 [  13 9442  451  107]
 [  14 9379  492  129]
 [  15 9309  537  154]
 [  16 9247  572  181]
 [  17 9181  610  209]
 [  18 9121  640  239]
 [  19 9054  675  271]
 [  20 8973  723  304]
 [  21 8898  762  340]
 [  22 8827  795  378]
 [  23 8771  812  417]
 [  24 8697  845  458]
 [  25 8646  853  501]
 [  26 8583  873  544]
 [  27 8523  890  587]
 [  28 8467  901  632]
 [  29 8399  924  677]
 [  30 8326  950  724]
 [  31 8253  975  772]
 [  32 8185  995  820]
 [  33 8112 1019  869]
 [  34 8033 1048  919]
 [  35 7932 1096  972]
 [  36 7840 1133 1027]
 [  37 7750 1166 1084]
 [  38 7662 1196 1142]
 [  39 7575 1224 1201]
 [  40 7515 1223 1262]
 [  41 7460 1217 1323]
 [  42 7386 1230 1384]
 [  43 7311 1243 1446]
 [  44 7257 1235 1508]
 [  45 7186 1244 1570]
 [  46 7120 1248 1632]
 [  47 7051 1255 1694]
 [  48 6980 1263 1757]
 [  49 6908 1271 1821]
 [  50 6845 1271 1884]
 [  51 6782 1270 1948]
 [  52 6705 1283 2012]
 [  53 6645 1278 2077]
 [  54 6581 1278 2141]
 [  55 6508 1287 2205]
 [  56 6451 1279 2270]
 [  57 6398 1268 2334]
 [  58 6351 1252 2397]
 [  59 6287 1253 2460]
 [  60 6206 1272 2522]
 [  61 6150 1265 2585]
 [  62 6069 1283 2648]
 [  63 6019 1268 2713]
 [  64 5957 1266 2777]
 [  65 5892 1267 2841]
 [  66 5819 1276 2905]
 [  67 5745 1287 2968]
 [  68 5659 1308 3033]
 [  69 5586 1316 3098]
 [  70 5521 1316 3163]
 [  71 5446 1325 3229]
 [  72 5371 1333 3296]
 [  73 5292 1345 3363]
 [  74 5213 1356 3431]
 [  75 5133 1368 3499]
 [  76 5040 1392 3568]
 [  77 4951 1412 3637]
 [  78 4883 1409 3708]
 [  79 4818 1403 3779]
 [  80 4753 1398 3849]
 [  81 4684 1397 3919]
 [  82 4621 1390 3989]
 [  83 4563 1378 4059]
 [  84 4492 1380 4128]
 [  85 4424 1379 4197]
 [  86 4345 1389 4266]
 [  87 4273 1391 4336]
 [  88 4196 1399 4405]
 [  89 4111 1415 4474]
 [  90 4024 1431 4545]
 [  91 3959 1425 4616]
 [  92 3880 1432 4688]
 [  93 3795 1445 4760]
 [  94 3720 1448 4832]
 [  95 3636 1459 4905]
 [  96 3559 1464 4977]
 [  97 3483 1467 5050]
 [  98 3420 1457 5123]
 [  99 3342 1463 5195]]
[[   0 9995    5    0]
 [   1 9986   14    0]
 [   2 9966   33    1]
 [   3 9933   65    2]
 [   4 9900   94    6]
 [   5 9858  132   10]
 [   6 9817  167   16]
 [   7 9775  200   25]
 [   8 9714  251   35]
 [   9 9652  301   47]
 [  10 9557  380   63]
 [  11 9465  453   82]
 [  12 9373  523  104]
 [  13 9251  618  131]
 [  14 9145  693  162]
 [  15 9040  764  196]
 [  16 8939  826  235]
 [  17 8830  894  276]
 [  18 8720  959  321]
 [  19 8597 1034  369]
 [  20 8500 1080  420]
 [  21 8423 1103  474]
 [  22 8341 1130  529]
 [  23 8261 1153  586]
 [  24 8182 1175  643]
 [  25 8103 1195  702]
 [  26 8028 1210  762]
 [  27 7946 1231  823]
 [  28 7861 1254  885]
 [  29 7782 1270  948]
 [  30 7706 1282 1012]
 [  31 7636 1287 1077]
 [  32 7538 1320 1142]
 [  33 7445 1347 1208]
 [  34 7360 1364 1276]
 [  35 7258 1397 1345]
 [  36 7156 1430 1414]
 [  37 7065 1449 1486]
 [  38 6944 1497 1559]
 [  39 6829 1537 1634]
 [  40 6714 1575 1711]
 [  41 6587 1624 1789]
 [  42 6457 1673 1870]
 [  43 6361 1686 1953]
 [  44 6229 1733 2038]
 [  45 6109 1766 2125]
 [  46 5997 1790 2213]
 [  47 5863 1835 2302]
 [  48 5723 1883 2394]
 [  49 5583 1928 2489]
 [  50 5418 1996 2586]
 [  51 5259 2056 2685]
 [  52 5151 2062 2787]
 [  53 5062 2048 2890]
 [  54 4963 2045 2992]
 [  55 4894 2012 3094]
 [  56 4828 1977 3195]
 [  57 4745 1962 3293]
 [  58 4673 1936 3391]
 [  59 4595 1918 3487]
 [  60 4501 1916 3583]
 [  61 4425 1897 3678]
 [  62 4354 1873 3773]
 [  63 4287 1847 3866]
 [  64 4228 1814 3958]
 [  65 4168 1784 4048]
 [  66 4099 1763 4138]
 [  67 4023 1750 4227]
 [  68 3958 1727 4315]
 [  69 3892 1707 4401]
 [  70 3843 1671 4486]
 [  71 3773 1658 4569]
 [  72 3709 1640 4651]
 [  73 3645 1622 4733]
 [  74 3579 1606 4815]
 [  75 3519 1585 4896]
 [  76 3464 1560 4976]
 [  77 3400 1546 5054]
 [  78 3345 1524 5131]
 [  79 3283 1510 5207]
 [  80 3235 1483 5282]
 [  81 3171 1472 5357]
 [  82 3104 1466 5430]
 [  83 3033 1463 5504]
 [  84 2969 1454 5577]
 [  85 2913 1437 5650]
 [  86 2855 1424 5721]
 [  87 2803 1405 5792]
 [  88 2749 1388 5863]
 [  89 2695 1372 5933]
 [  90 2628 1370 6002]
 [  91 2573 1357 6070]
 [  92 2530 1332 6138]
 [  93 2496 1299 6205]
 [  94 2463 1267 6270]
 [  95 2431 1235 6334]
 [  96 2398 1207 6395]
 [  97 2357 1187 6456]
 [  98 2305 1179 6516]
 [  99 2262 1164 6574]]
