S, p=1.25e-05: [9.04150000e-01 9.04150000e-01 9.04150000e-01 9.04150000e-01
 9.04149972e-01 9.04149798e-01 9.04149618e-01 9.04149553e-01
 9.04149654e-01 9.04149900e-01 9.04150199e-01 9.04150390e-01
 9.04150241e-01 9.04149448e-01 9.04147640e-01 9.04141559e-01
 9.04132727e-01 9.04117691e-01 9.04065469e-01 9.03917110e-01
 9.03550411e-01 9.02617935e-01 9.00172732e-01 8.93993373e-01
 8.78310424e-01 8.40363499e-01 7.56069541e-01 6.01329342e-01
 3.95031717e-01 2.14007988e-01 1.01790130e-01 4.60039026e-02
 2.07390295e-02 9.53965814e-03 4.52157077e-03 2.21594050e-03
 1.12311139e-03 5.87026245e-04 3.16712731e-04 1.76382083e-04
 1.00679199e-04 5.94020412e-05 3.57056703e-05 2.21185608e-05
 1.40845343e-05 9.01713167e-06 5.97010800e-06 4.11577495e-06
 2.80589392e-06 1.91224926e-06 1.34531049e-06 1.00322774e-06
 7.77803604e-07 5.78374527e-07 4.23905667e-07 3.12754225e-07
 2.37314118e-07 1.89331814e-07 1.59906333e-07 1.39489245e-07]
I, p=1.25e-05: [0.09585    0.09117534 0.08672867 0.08249841 0.07847349 0.07464462
 0.07100261 0.06753857 0.06424398 0.06111065 0.05813077 0.05529688
 0.05260189 0.05003903 0.04760193 0.04528722 0.04308718 0.04099905
 0.0390477  0.03728478 0.03582216 0.03498576 0.03567073 0.03998216
 0.05338431 0.08793046 0.1661132  0.30925832 0.49544581 0.64762156
 0.72522665 0.74409953 0.73237147 0.70754176 0.6779125  0.64709048
 0.6165921  0.58703978 0.55867031 0.53155825 0.50570608 0.48108173
 0.45764185 0.43533592 0.41411305 0.3939229  0.37471593 0.35644483
 0.33906439 0.32253111 0.30680364 0.29184249 0.27761001 0.26407087
 0.25119166 0.23894062 0.22728734 0.21620268 0.20565879 0.19562911]
R, p=1.25e-05: [0.         0.00467466 0.00912133 0.01335159 0.01737654 0.02120558
 0.02484777 0.02831188 0.03160637 0.03473946 0.03771904 0.04055273
 0.04324788 0.04581152 0.04825043 0.05057123 0.0527801  0.05488326
 0.05688684 0.05879811 0.06062743 0.06239632 0.06415654 0.06602447
 0.06830527 0.07170605 0.07781726 0.08941234 0.10952248 0.13837046
 0.17298323 0.20989657 0.24688951 0.28291859 0.31756594 0.35069359
 0.3822848  0.41237321 0.44101299 0.46826538 0.49419325 0.51885888
 0.54232246 0.56464197 0.58587288 0.6060681  0.62527812 0.64355107
 0.66093282 0.67746699 0.69319503 0.70815653 0.72238922 0.73592857
 0.74880793 0.76105908 0.77271244 0.78379715 0.79434107 0.80437077]
S, p=2.5e-05: [9.04825000e-01 9.04825001e-01 9.04825001e-01 9.04825001e-01
 9.04824910e-01 9.04824735e-01 9.04824630e-01 9.04824673e-01
 9.04824861e-01 9.04825117e-01 9.04825283e-01 9.04825125e-01
 9.04824328e-01 9.04822502e-01 9.04816334e-01 9.04807938e-01
 9.04790942e-01 9.04733337e-01 9.04576800e-01 9.04189971e-01
 9.03191542e-01 9.00595724e-01 8.94022925e-01 8.77412848e-01
 8.37225579e-01 7.49077023e-01 5.89163884e-01 3.82204466e-01
 2.04762094e-01 9.68676014e-02 4.37178198e-02 1.97260295e-02
 9.09227935e-03 4.31757610e-03 2.11978982e-03 1.07667361e-03
 5.64217540e-04 3.04823135e-04 1.70146304e-04 9.72762124e-05
 5.75133878e-05 3.45929641e-05 2.15192483e-05 1.36722209e-05
 8.76690178e-06 5.84033428e-06 4.01418250e-06 2.71315357e-06
 1.84568779e-06 1.30434704e-06 9.75329481e-07 7.38498547e-07
 5.32575029e-07 3.79915758e-07 2.72316183e-07 2.02605314e-07
 1.62273608e-07 1.41472976e-07 1.29016778e-07 1.12379825e-07]
I, p=2.5e-05: [0.095175   0.09053326 0.0861179  0.08191744 0.07792094 0.07411906
 0.07050266 0.06706293 0.06379147 0.0606802  0.05772143 0.05490782
 0.0522324  0.04968855 0.04727272 0.0449765  0.04279971 0.04076678
 0.03892858 0.03740561 0.03655586 0.03731127 0.04192702 0.05614068
 0.09274279 0.17446275 0.32222644 0.50840372 0.65645403 0.72941406
 0.74551855 0.73248355 0.70709946 0.67725669 0.64636272 0.61585198
 0.58631293 0.55796827 0.5308847  0.50506223 0.4804673  0.45705608
 0.43477762 0.41358122 0.39341633 0.37423351 0.35598561 0.3386274
 0.32211547 0.30640855 0.29146718 0.27725382 0.26373237 0.25086951
 0.23863411 0.22699579 0.21592542 0.20539517 0.19537848 0.18585006]
R, p=2.5e-05: [0.         0.00464174 0.0090571  0.01325756 0.01725415 0.0210562
 0.02467272 0.0281124  0.03138367 0.03449468 0.03745329 0.04026706
 0.04294328 0.04548896 0.04791095 0.05021557 0.05240936 0.0544999
 0.05649463 0.05840443 0.06025261 0.06209302 0.06405007 0.06644649
 0.07003164 0.07646025 0.08860969 0.10939183 0.13878389 0.17371836
 0.21076365 0.24779044 0.28380828 0.31842575 0.35151751 0.38307137
 0.41312287 0.44172693 0.46894518 0.49484052 0.51947521 0.54290936
 0.56520089 0.58640513 0.60657493 0.62576067 0.6440104  0.66136992
 0.67788271 0.69359018 0.70853187 0.72274548 0.73626713 0.74913014
 0.76136565 0.77300404 0.78407445 0.79460472 0.80462143 0.81414987]
S, p=5e-05: [9.05000000e-01 9.05000001e-01 9.05000002e-01 9.04999988e-01
 9.04999838e-01 9.04999685e-01 9.04999659e-01 9.04999793e-01
 9.05000029e-01 9.05000218e-01 9.05000114e-01 9.04999383e-01
 9.04997593e-01 9.04991829e-01 9.04983151e-01 9.04966297e-01
 9.04910087e-01 9.04756651e-01 9.04376882e-01 9.03397643e-01
 9.00850652e-01 8.94400924e-01 8.78091429e-01 8.38590444e-01
 7.51701677e-01 5.93216337e-01 3.86480223e-01 2.07767158e-01
 9.84520894e-02 4.44506501e-02 2.00509046e-02 9.23656058e-03
 4.38324567e-03 2.15061363e-03 1.09159094e-03 5.71637026e-04
 3.08647552e-04 1.72176813e-04 9.83851282e-05 5.81396205e-05
 3.49559716e-05 2.17367343e-05 1.38025282e-05 8.84514349e-06
 5.88605541e-06 4.03373092e-06 2.71278256e-06 1.83051333e-06
 1.27755038e-06 9.38291232e-07 6.90904014e-07 4.78652334e-07
 3.26489627e-07 2.22875305e-07 1.57095113e-07 1.20418604e-07
 1.02742139e-07 9.25888928e-08 7.71088490e-08 5.56441412e-08]
I, p=5e-05: [0.095      0.0903668  0.08595956 0.08176685 0.07777782 0.073983
 0.07037326 0.06693985 0.06367442 0.06056896 0.05761588 0.05480794
 0.05213829 0.04960274 0.04719361 0.0449095  0.04277374 0.0408355
 0.03921293 0.03825618 0.03888046 0.04329851 0.05715028 0.09303082
 0.17350424 0.31992311 0.50600219 0.65541215 0.72980666 0.74672043
 0.73402384 0.70874103 0.67889585 0.64795692 0.61738456 0.58777844
 0.55936593 0.53221586 0.50632912 0.48167251 0.45820231 0.43586759
 0.41461761 0.39440174 0.37517046 0.35687653 0.33947466 0.32292134
 0.3071752  0.29219673 0.27794829 0.26439371 0.25149897 0.2392329
 0.22756538 0.21646723 0.20591054 0.19586869 0.18631633 0.17722961]
R, p=5e-05: [0.         0.00463321 0.00904045 0.01323317 0.01722235 0.02101733
 0.02462709 0.02806036 0.03132556 0.03443083 0.03738402 0.04019269
 0.04286413 0.04540545 0.04782326 0.05012422 0.05231619 0.05440787
 0.05641021 0.0583462  0.06026891 0.06230059 0.06475832 0.06837876
 0.07479411 0.08686059 0.10751762 0.13682072 0.17174128 0.20882895
 0.24592529 0.28202245 0.31672095 0.3498925  0.38152389 0.41164996
 0.44032547 0.46761201 0.49357254 0.5182694  0.54176278 0.56411073
 0.58536864 0.60558947 0.62482371 0.64311949 0.66052269 0.67707689
 0.69282358 0.70780239 0.72205108 0.73560588 0.74850076 0.76076694
 0.77243453 0.78353272 0.79408942 0.80413129 0.81368366 0.8227704 ]
S, p=0.000125: [ 9.04525000e-01  9.04525003e-01  9.04525004e-01  9.04524923e-01
  9.04524729e-01  9.04524631e-01  9.04524721e-01  9.04524958e-01
  9.04525177e-01  9.04525081e-01  9.04524244e-01  9.04522111e-01
  9.04515447e-01  9.04505015e-01  9.04483737e-01  9.04414341e-01
  9.04227629e-01  9.03765646e-01  9.02565438e-01  8.99465697e-01
  8.91601071e-01  8.71897077e-01  8.24671364e-01  7.24208597e-01
  5.50911510e-01  3.43771816e-01  1.78594527e-01  8.33212168e-02
  3.74965919e-02  1.69684048e-02  7.86762903e-03  3.75932423e-03
  1.85653151e-03  9.48586518e-04  5.00514955e-04  2.71832304e-04
  1.52566088e-04  8.77384526e-05  5.21320787e-05  3.15120422e-05
  1.97397569e-05  1.25546194e-05  8.07291940e-06  5.38889058e-06
  3.66508386e-06  2.42265144e-06  1.58602391e-06  1.05431117e-06
  7.20751894e-07  4.72836186e-07  2.68264085e-07  1.33741948e-07
  5.05269194e-08  1.18995474e-09 -2.21555359e-08 -2.87056530e-08
 -2.89660077e-08 -3.47517217e-08 -4.82445020e-08 -5.77532600e-08]
I, p=0.000125: [0.095475   0.09081863 0.08638935 0.08217583 0.07816716 0.07435368
 0.07072617 0.06727583 0.06399432 0.06087369 0.05790646 0.05508556
 0.05240677 0.0498624  0.0474525  0.04520601 0.04318209 0.04152586
 0.04067252 0.04172029 0.04738473 0.06436011 0.10744471 0.20048536
 0.36000056 0.54444041 0.67874959 0.73832749 0.74687379 0.73040595
 0.70363329 0.67331327 0.64232637 0.61188192 0.58247428 0.55428711
 0.52736797 0.50170887 0.47727298 0.45401476 0.43188276 0.41082632
 0.39079482 0.37173914 0.35361243 0.33636966 0.31996776 0.30436571
 0.28952433 0.27540631 0.26197574 0.24919896 0.23704501 0.22548416
 0.2144875  0.20402738 0.1940774  0.18461244 0.17560883 0.16704432]
R, p=0.000125: [0.         0.00465637 0.00908565 0.01329926 0.01730812 0.0211217
 0.02474913 0.02819923 0.03148053 0.03460126 0.03756933 0.04039237
 0.04307782 0.04563262 0.0480638  0.05037969 0.05259033 0.05470855
 0.05676209 0.05881408 0.06101426 0.06374288 0.067884   0.07530612
 0.08908801 0.11178786 0.14265596 0.17835138 0.21562971 0.25262574
 0.28849917 0.3229275  0.3558172  0.3871696  0.41702531 0.44544116
 0.47247958 0.49820351 0.522675   0.54595385 0.56809762 0.58916126
 0.60919724 0.6282556  0.64638405 0.66362806 0.68003079 0.69563338
 0.7104751  0.72459337 0.73802415 0.75080107 0.7629551  0.774516
 0.78551269 0.79597282 0.8059228  0.81538777 0.8243914  0.83295592]
