S, center: [9.00000000e-01 9.00000002e-01 9.00000002e-01 8.99999965e-01
 8.99999793e-01 8.99999662e-01 8.99999684e-01 8.99999865e-01
 9.00000108e-01 9.00000206e-01 8.99999850e-01 8.99998625e-01
 8.99995626e-01 8.99987252e-01 8.99976144e-01 8.99943908e-01
 8.99844605e-01 8.99593088e-01 8.98968163e-01 8.97317033e-01
 8.93123854e-01 8.82409638e-01 8.56045403e-01 7.94436489e-01
 6.70996474e-01 4.78931114e-01 2.79879261e-01 1.38857518e-01
 6.36047986e-02 2.85803835e-02 1.30134634e-02 6.09426014e-03
 2.94718628e-03 1.47175747e-03 7.59266239e-04 4.05015597e-04
 2.22376864e-04 1.25747168e-04 7.31874292e-05 4.37037740e-05
 2.67007164e-05 1.68916301e-05 1.07404584e-05 6.99858080e-06
 4.75213942e-06 3.21646370e-06 2.14336484e-06 1.44601566e-06
 1.01510731e-06 7.35262250e-07 5.00098799e-07 3.19707642e-07
 1.99766006e-07 1.22532798e-07 7.77331184e-08 5.62728582e-08
 4.77069765e-08 4.02395019e-08 2.30123373e-08 7.00738175e-09]
I, center: [0.1        0.09512294 0.09048374 0.08607042 0.08187154 0.07787708
 0.07407744 0.07046341 0.06702619 0.06375742 0.06064913 0.05769376
 0.05488454 0.05221755 0.04968328 0.04729249 0.04508207 0.04312705
 0.04163289 0.04121503 0.04330819 0.05168302 0.07497208 0.13160233
 0.24590767 0.42143814 0.59489116 0.70315848 0.74205284 0.73991741
 0.71896726 0.69063159 0.66001035 0.62925609 0.59925873 0.57037517
 0.54273309 0.51635538 0.49122142 0.46729117 0.44451639 0.42284593
 0.40222945 0.38261676 0.36395976 0.34621247 0.32933064 0.3132721
 0.2979966  0.28346577 0.26964297 0.25649305 0.24398348 0.23208408
 0.22076537 0.20999898 0.19975777 0.1900159  0.18074884 0.17193365]
R, center: [0.         0.00487706 0.00951626 0.01392962 0.01812868 0.02212326
 0.02592289 0.02953674 0.03297371 0.03624239 0.03935104 0.04230763
 0.04511986 0.04779522 0.0503406  0.05276363 0.05507336 0.05727989
 0.05939898 0.06146797 0.063568   0.06590738 0.06898256 0.07396122
 0.0830959  0.09963079 0.12522963 0.15798405 0.19434241 0.23150226
 0.26801933 0.30327421 0.33704253 0.36927222 0.39998207 0.42921988
 0.45704461 0.48351895 0.50870547 0.5326652  0.55545698 0.57713726
 0.59775989 0.61737632 0.63603557 0.65378439 0.6706673  0.68672655
 0.70200247 0.71653358 0.73035662 0.74350672 0.75601642 0.7679159
 0.77923465 0.79000107 0.80024229 0.80998416 0.81925125 0.82806646]
S, corner: [9.00000000e-01 9.00000002e-01 9.00000002e-01 8.99999965e-01
 8.99999793e-01 8.99999662e-01 8.99999684e-01 8.99999865e-01
 9.00000108e-01 9.00000206e-01 8.99999850e-01 8.99998625e-01
 8.99995626e-01 8.99987252e-01 8.99976144e-01 8.99943908e-01
 8.99844605e-01 8.99593088e-01 8.98968163e-01 8.97317033e-01
 8.93123854e-01 8.82409638e-01 8.56045403e-01 7.94436489e-01
 6.70996474e-01 4.78931114e-01 2.79879261e-01 1.38857518e-01
 6.36047986e-02 2.85803835e-02 1.30134634e-02 6.09426014e-03
 2.94718628e-03 1.47175747e-03 7.59266239e-04 4.05015597e-04
 2.22376864e-04 1.25747168e-04 7.31874292e-05 4.37037740e-05
 2.67007164e-05 1.68916301e-05 1.07404584e-05 6.99858080e-06
 4.75213942e-06 3.21646370e-06 2.14336484e-06 1.44601566e-06
 1.01510731e-06 7.35262250e-07 5.00098799e-07 3.19707642e-07
 1.99766006e-07 1.22532798e-07 7.77331184e-08 5.62728582e-08
 4.77069765e-08 4.02395019e-08 2.30123373e-08 7.00738175e-09]
I, corner: [0.1        0.09512294 0.09048374 0.08607042 0.08187154 0.07787708
 0.07407744 0.07046341 0.06702619 0.06375742 0.06064913 0.05769376
 0.05488454 0.05221755 0.04968328 0.04729249 0.04508207 0.04312705
 0.04163289 0.04121503 0.04330819 0.05168302 0.07497208 0.13160233
 0.24590767 0.42143814 0.59489116 0.70315848 0.74205284 0.73991741
 0.71896726 0.69063159 0.66001035 0.62925609 0.59925873 0.57037517
 0.54273309 0.51635538 0.49122142 0.46729117 0.44451639 0.42284593
 0.40222945 0.38261676 0.36395976 0.34621247 0.32933064 0.3132721
 0.2979966  0.28346577 0.26964297 0.25649305 0.24398348 0.23208408
 0.22076537 0.20999898 0.19975777 0.1900159  0.18074884 0.17193365]
R, corner: [0.         0.00487706 0.00951626 0.01392962 0.01812868 0.02212326
 0.02592289 0.02953674 0.03297371 0.03624239 0.03935104 0.04230763
 0.04511986 0.04779522 0.0503406  0.05276363 0.05507336 0.05727989
 0.05939898 0.06146797 0.063568   0.06590738 0.06898256 0.07396122
 0.0830959  0.09963079 0.12522963 0.15798405 0.19434241 0.23150226
 0.26801933 0.30327421 0.33704253 0.36927222 0.39998207 0.42921988
 0.45704461 0.48351895 0.50870547 0.5326652  0.55545698 0.57713726
 0.59775989 0.61737632 0.63603557 0.65378439 0.6706673  0.68672655
 0.70200247 0.71653358 0.73035662 0.74350672 0.75601642 0.7679159
 0.77923465 0.79000107 0.80024229 0.80998416 0.81925125 0.82806646]
S, random: [9.04500000e-01 9.04500002e-01 9.04500002e-01 9.04499965e-01
 9.04499792e-01 9.04499660e-01 9.04499682e-01 9.04499865e-01
 9.04500108e-01 9.04500207e-01 9.04499849e-01 9.04498618e-01
 9.04495604e-01 9.04487189e-01 9.04476025e-01 9.04443628e-01
 9.04343828e-01 9.04091054e-01 9.03463003e-01 9.01803618e-01
 8.97589473e-01 8.86821685e-01 8.60325629e-01 7.98408671e-01
 6.74351457e-01 4.81325770e-01 2.81278658e-01 1.39551808e-01
 6.39228256e-02 2.87232892e-02 1.30785351e-02 6.12473605e-03
 2.96192661e-03 1.47911991e-03 7.63065287e-04 4.07042443e-04
 2.23489644e-04 1.26376077e-04 7.35530264e-05 4.39216925e-05
 2.68336376e-05 1.69758117e-05 1.07944708e-05 7.03472766e-06
 4.77811486e-06 3.23598181e-06 2.15882549e-06 1.45929476e-06
 1.02742788e-06 7.47147495e-07 5.11400553e-07 3.30172185e-07
 2.09089123e-07 1.30878305e-07 8.53302882e-08 6.32966914e-08
 5.42724006e-08 4.63955696e-08 2.87478689e-08 1.23611184e-08]
I, random: [0.0955     0.09084241 0.08641197 0.08219725 0.07818733 0.07437263
 0.07074397 0.06729256 0.06401001 0.06088833 0.05791993 0.05509761
 0.05241494 0.04986837 0.04744866 0.045167   0.04306076 0.04120566
 0.03980842 0.03948779 0.04168587 0.0501924  0.0736833  0.13067788
 0.24563191 0.42211338 0.59650339 0.70537833 0.74453019 0.74244402
 0.72144614 0.69302307 0.66230042 0.63144164 0.6013412  0.57235789
 0.5446201  0.51815093 0.49292975 0.46891642 0.44606251 0.42431672
 0.40362854 0.38394761 0.36522565 0.34741656 0.3304759  0.3143614
 0.29903267 0.28445121 0.27058026 0.25738458 0.24483151 0.23289075
 0.22153271 0.2107289  0.20045209 0.19067637 0.18137709 0.17253126]
R, random: [0.         0.00465759 0.00908803 0.01330279 0.01731289 0.02112772
 0.02475636 0.02820759 0.0314899  0.03461148 0.03758024 0.04040379
 0.04308948 0.04564447 0.04807534 0.05038941 0.05259544 0.05470331
 0.05672861 0.05870863 0.0607247  0.06298595 0.06599112 0.07091349
 0.08001667 0.09656089 0.122218   0.15506991 0.19154704 0.22883275
 0.26547538 0.30085225 0.33473772 0.36707931 0.3978958  0.42723513
 0.45515648 0.48172276 0.50699676 0.53103974 0.55391073 0.57566638
 0.59636074 0.61604543 0.63476965 0.65258029 0.66952202 0.68563723
 0.7009664  0.71554814 0.72941932 0.74261519 0.75516838 0.76710922
 0.77846731 0.78927114 0.79954796 0.8093237  0.81862299 0.82746884]
